20240523	10:26:17	b3a76c4c-a548-41ae-bff3-245d7bf5620c	GET	/api-docs/	unknown
20240523	10:26:17	cb9cc183-9645-4f2d-9007-594dbc45de8a	GET	/api-docs/swagger-ui.css	unknown
20240523	10:26:17	d75c6730-e69b-4908-8589-96b9df301749	GET	/api-docs/swagger-ui-bundle.js	unknown
20240523	10:26:17	b70d828f-381a-4336-9d08-55a92da8d588	GET	/api-docs/swagger-ui-standalone-preset.js	unknown
20240523	10:26:17	f6383fe6-f876-4655-8d73-d1815a1495fd	GET	/api-docs/swagger-ui-init.js	unknown
20240523	10:26:18	9ee85cee-c4e9-42e1-bbe3-b2ba3b5cd34b	GET	/api-docs/favicon-32x32.png	unknown
20240523	10:26:42	c01ab0e2-d220-47ec-9ff3-b2bd7e851377	POST	/api/auth/login	http://localhost:5000
20240523	13:16:13	147babf2-85ff-4f11-b613-d230ee8cc689	GET	/api-docs/	unknown
20240523	13:16:13	3935bc26-65a1-4b5a-bff6-2d16f0f72bb9	GET	/api-docs/swagger-ui.css	unknown
20240523	13:16:13	0edad8dd-0a94-41a5-88f5-326b5c7b6728	GET	/api-docs/swagger-ui-bundle.js	unknown
20240523	13:16:13	cf20c458-242a-4eda-889b-7eadd51bf986	GET	/api-docs/swagger-ui-standalone-preset.js	unknown
20240523	13:16:13	815334f4-f0eb-4462-9d47-91a9eabb46cd	GET	/api-docs/swagger-ui-init.js	unknown
20240523	13:25:06	c30e76b1-7c61-4492-a72b-f668db5f4ecc	GET	/api-docs/	unknown
20240523	13:25:06	6169828c-9de1-4a1b-b43a-5fd63dbc7bee	GET	/api-docs/swagger-ui.css	unknown
20240523	13:25:06	72ce8b6a-2fc2-481a-a59f-a1b0eeae2016	GET	/api-docs/swagger-ui-bundle.js	unknown
20240523	13:25:06	1b52c62e-e85d-4c8d-b92f-8ecf91b7494d	GET	/api-docs/swagger-ui-standalone-preset.js	unknown
20240523	13:25:06	faee8ee2-cf8f-4653-85b1-dea5842fee99	GET	/api-docs/swagger-ui-init.js	unknown
20240523	13:25:07	18997f73-86a5-41ac-b568-a537be4780ff	GET	/api-docs/favicon-32x32.png	unknown
20240523	13:25:23	79eb4ea8-c8b4-4408-95bd-daf461b876b7	GET	/api-docs/	unknown
20240523	13:25:23	e923be93-b156-4385-9744-36fcc52b3f38	GET	/api-docs/swagger-ui.css	unknown
20240523	13:25:23	8002fc73-2176-414e-ac8a-8822cb7e040a	GET	/api-docs/swagger-ui-bundle.js	unknown
20240523	13:25:23	2cc9897c-2183-42f3-b680-e33f7804d326	GET	/api-docs/swagger-ui-standalone-preset.js	unknown
20240523	13:25:23	8933cd92-a4f8-4b18-a235-893acdcf1de5	GET	/api-docs/swagger-ui-init.js	unknown
20240523	13:25:23	5755c29b-2ef4-43c8-8638-f5cdc8212f49	GET	/api-docs/favicon-32x32.png	unknown
20240523	13:32:45	839704b6-ecac-490f-9f72-13bbf74e47dc	GET	/api-docs/	unknown
20240523	13:32:45	3431227a-22e1-42b4-a3bf-053db5e18316	GET	/api-docs/swagger-ui.css	unknown
20240523	13:32:45	c6115da6-38c6-437b-a28a-608fe328636c	GET	/api-docs/swagger-ui-bundle.js	unknown
20240523	13:32:45	4939ac68-a8fb-4e7c-8142-26c8106727c0	GET	/api-docs/swagger-ui-standalone-preset.js	unknown
20240523	13:32:45	afb2acd9-85e2-4838-933c-a45e3a16d19c	GET	/api-docs/swagger-ui-init.js	unknown
20240523	13:32:45	d1ae9672-7b12-414b-91fd-1a11f2377a35	GET	/api-docs/favicon-32x32.png	unknown
20240523	13:35:38	c2d607b7-20f1-4867-9e74-c6b8b3bbe3e3	POST	/api/auth/register?role=admin	http://localhost:5000
20240523	13:36:14	9e799ec2-f16b-402c-9cb7-3702d6199d8b	POST	/api/auth/register?role=admin	http://localhost:5000
20240523	13:38:45	0c6bae9d-bfc7-48a1-b1c9-cb33231094ce	POST	/api/auth/register?role=manager	http://localhost:5000
20240523	13:39:34	4b13902d-5175-42ec-a163-401eec6e8387	POST	/api/auth/login	http://localhost:5000
20240523	13:42:01	2cb80739-2383-42dd-876d-6146ef6d22ea	PUT	/api/users/664f1cc9fb01e73c8b1e95d7?role=admin	http://localhost:5000
20240523	13:42:32	d7f7468d-971f-45ec-8fd0-7f91fc59e1fe	PUT	/api/users/664f1cc9fb01e73c8b1e95d7?role=admin	http://localhost:5000
20240523	13:42:34	793da33a-1e40-44c7-99ad-0d95ceb828c8	GET	/api-docs/	unknown
20240523	13:42:34	21ad7027-ab19-4de3-a7b6-573972fc8f94	GET	/api-docs/swagger-ui.css	unknown
20240523	13:42:34	a0080f9c-b884-4df6-b716-6fa39fee233a	GET	/api-docs/swagger-ui-bundle.js	unknown
20240523	13:42:34	a5895bac-8fcc-4778-a813-76a00454418c	GET	/api-docs/swagger-ui-standalone-preset.js	unknown
20240523	13:42:34	71933cd2-f98b-4d93-9fbc-1c8a7ccdec18	GET	/api-docs/swagger-ui-init.js	unknown
20240523	13:42:34	36353308-cec2-4c2b-8909-8c94ad5e82a4	GET	/api-docs/favicon-32x32.png	unknown
20240523	13:43:14	27a033c7-e3f5-4608-a878-f395240ec6c2	PUT	/api/auth/users/664f1cc9fb01e73c8b1e95d7?role=admin	http://localhost:5000
20240523	13:45:00	89725451-9233-46b8-8110-62af559b2043	PUT	/api/auth/users/664f1cc9fb01e73c8b1e95d7?role=manager	http://localhost:5000
20240523	13:46:11	1b2bb4e7-d58d-4949-a447-2a814da31b96	POST	/api/auth/login	http://localhost:5000
20240523	13:46:36	bb1ab934-8c95-4757-a806-f7fb347ce73b	PUT	/api/auth/users/664f1cc9fb01e73c8b1e95d7?role=manager	http://localhost:5000
